<?xml version="1.0" encoding="UTF-8"?>
<testsuite xmlns:xsi="http://www.w3.org/2001/XMLSchema-instance" xsi:schemaLocation="https://maven.apache.org/surefire/maven-surefire-plugin/xsd/surefire-test-report.xsd" name="TestSuite" time="8.736" tests="28" errors="0" skipped="0" failures="0">
  <properties>
    <property name="java.runtime.name" value="Java(TM) SE Runtime Environment"/>
    <property name="sun.boot.library.path" value="C:\Program Files\Java\jdk1.8.0_271\jre\bin"/>
    <property name="java.vm.version" value="25.271-b09"/>
    <property name="java.vm.vendor" value="Oracle Corporation"/>
    <property name="maven.multiModuleProjectDirectory" value="C:\Users\Medha\apis\SocialNetworkAPIAutomation"/>
    <property name="java.vendor.url" value="http://java.oracle.com/"/>
    <property name="path.separator" value=";"/>
    <property name="guice.disable.misplaced.annotation.check" value="true"/>
    <property name="java.vm.name" value="Java HotSpot(TM) 64-Bit Server VM"/>
    <property name="file.encoding.pkg" value="sun.io"/>
    <property name="user.script" value=""/>
    <property name="user.country" value="GB"/>
    <property name="sun.java.launcher" value="SUN_STANDARD"/>
    <property name="sun.os.patch.level" value=""/>
    <property name="java.vm.specification.name" value="Java Virtual Machine Specification"/>
    <property name="user.dir" value="C:\Users\Medha\apis\SocialNetworkAPIAutomation"/>
    <property name="java.runtime.version" value="1.8.0_271-b09"/>
    <property name="java.awt.graphicsenv" value="sun.awt.Win32GraphicsEnvironment"/>
    <property name="java.endorsed.dirs" value="C:\Program Files\Java\jdk1.8.0_271\jre\lib\endorsed"/>
    <property name="os.arch" value="amd64"/>
    <property name="java.io.tmpdir" value="C:\Users\Medha\AppData\Local\Temp\"/>
    <property name="line.separator" value="&#10;"/>
    <property name="java.vm.specification.vendor" value="Oracle Corporation"/>
    <property name="user.variant" value=""/>
    <property name="os.name" value="Windows 10"/>
    <property name="classworlds.conf" value="C:\Program Files\apache-maven-3.6.3\bin\..\bin\m2.conf"/>
    <property name="sun.jnu.encoding" value="Cp1252"/>
    <property name="java.library.path" value="C:\Program Files\Java\jdk1.8.0_271\bin;C:\WINDOWS\Sun\Java\bin;C:\WINDOWS\system32;C:\WINDOWS;C:\Python39\Scripts;C:\Python39\;C:\Users\Medha\Downloads\gradle-6.8-all\bin;%GRADLE_HOME%\bin;C:\WINDOWS\system32;C:\WINDOWS;C:\WINDOWS\System32\Wbem;C:\WINDOWS\System32\WindowsPowerShell\v1.0\;C:\WINDOWS\System32\OpenSSH\;C:\Program Files\Docker\Docker\resources\bin;C:\ProgramData\DockerDesktop\version-bin;C:\Program Files\nodejs\;C:\Users\Medha\WebDrivers\;C:\Program Files\Git\cmd;&quot;%PATH%;C:\Program Files\Java\jdk1.8.0_271\bin&quot;;C:\Program Files\Java\jdk1.8.0_271\bin;C:\Users\Medha\AppData\Local\Programs\Python\Python38-32\Scripts\;C:\Users\Medha\AppData\Local\Programs\Python\Python38-32\;C:\Users\Medha\AppData\Local\Microsoft\WindowsApps;C:\Program Files\JetBrains\PyCharm Community Edition 2019.3.3\bin;;C:\Program Files\Java\jdk1.8.0_271\bin;C:\Program Files\apache-maven-3.6.3\bin;;C:\Users\Medha\AppData\Local\Programs\Microsoft VS Code\bin;C:\Users\Medha\AppData\Roaming\npm;."/>
    <property name="maven.conf" value="C:\Program Files\apache-maven-3.6.3\bin\../conf"/>
    <property name="java.specification.name" value="Java Platform API Specification"/>
    <property name="java.class.version" value="52.0"/>
    <property name="sun.management.compiler" value="HotSpot 64-Bit Tiered Compilers"/>
    <property name="os.version" value="10.0"/>
    <property name="library.jansi.path" value="C:\Program Files\apache-maven-3.6.3\bin\..\lib\jansi-native"/>
    <property name="user.home" value="C:\Users\Medha"/>
    <property name="user.timezone" value="Europe/London"/>
    <property name="java.awt.printerjob" value="sun.awt.windows.WPrinterJob"/>
    <property name="java.specification.version" value="1.8"/>
    <property name="file.encoding" value="Cp1252"/>
    <property name="user.name" value="Medha"/>
    <property name="java.class.path" value="C:\Program Files\apache-maven-3.6.3\bin\..\boot\plexus-classworlds-2.6.0.jar"/>
    <property name="java.vm.specification.version" value="1.8"/>
    <property name="sun.arch.data.model" value="64"/>
    <property name="java.home" value="C:\Program Files\Java\jdk1.8.0_271\jre"/>
    <property name="sun.java.command" value="org.codehaus.plexus.classworlds.launcher.Launcher clean install"/>
    <property name="java.specification.vendor" value="Oracle Corporation"/>
    <property name="user.language" value="en"/>
    <property name="awt.toolkit" value="sun.awt.windows.WToolkit"/>
    <property name="java.vm.info" value="mixed mode"/>
    <property name="java.version" value="1.8.0_271"/>
    <property name="java.ext.dirs" value="C:\Program Files\Java\jdk1.8.0_271\jre\lib\ext;C:\WINDOWS\Sun\Java\lib\ext"/>
    <property name="sun.boot.class.path" value="C:\Program Files\Java\jdk1.8.0_271\jre\lib\resources.jar;C:\Program Files\Java\jdk1.8.0_271\jre\lib\rt.jar;C:\Program Files\Java\jdk1.8.0_271\jre\lib\sunrsasign.jar;C:\Program Files\Java\jdk1.8.0_271\jre\lib\jsse.jar;C:\Program Files\Java\jdk1.8.0_271\jre\lib\jce.jar;C:\Program Files\Java\jdk1.8.0_271\jre\lib\charsets.jar;C:\Program Files\Java\jdk1.8.0_271\jre\lib\jfr.jar;C:\Program Files\Java\jdk1.8.0_271\jre\classes"/>
    <property name="sun.stderr.encoding" value="cp437"/>
    <property name="java.vendor" value="Oracle Corporation"/>
    <property name="maven.home" value="C:\Program Files\apache-maven-3.6.3\bin\.."/>
    <property name="file.separator" value="\"/>
    <property name="java.vendor.url.bug" value="http://bugreport.sun.com/bugreport/"/>
    <property name="sun.cpu.endian" value="little"/>
    <property name="sun.io.unicode.encoding" value="UnicodeLittle"/>
    <property name="sun.stdout.encoding" value="cp437"/>
    <property name="sun.desktop" value="windows"/>
    <property name="sun.cpu.isalist" value="amd64"/>
  </properties>
  <testcase name="testResponseCodeAndContentType" classname="testcase.singleEndpoint.comment.CommentsTest" time="1.457"/>
  <testcase name="testResponseCodeAndContentType" classname="testcase.singleEndpoint.comment.CommentsTest" time="0.169"/>
  <testcase name="testResponseCodeWithInvalidCommentsId" classname="testcase.singleEndpoint.comment.CommentsTest" time="0.128"/>
  <testcase name="testResponseCodeWithInvalidCommentsId" classname="testcase.singleEndpoint.comment.CommentsTest" time="0.453"/>
  <testcase name="testResponseStatusCode200AndContentTypeJSON" classname="testcase.singleEndpoint.comment.CommentsTest" time="0.09"/>
  <testcase name="testResponseBodyWithIdNameAndEmail" classname="testcase.singleEndpoint.comment.CommentsTest" time="0.522"/>
  <testcase name="testResponseBodyWithIdNameAndEmail" classname="testcase.singleEndpoint.comment.CommentsTest" time="0.089"/>
  <testcase name="fetchListOfCommentsAndAssertSize" classname="testcase.singleEndpoint.comment.CommentsTest" time="0.123"/>
  <testcase name="testResponseCodeAndContentType" classname="testcase.singleEndpoint.post.PostsTest" time="0.13"/>
  <testcase name="testResponseCodeAndContentType" classname="testcase.singleEndpoint.post.PostsTest" time="0.129"/>
  <testcase name="testResponseCodeWithInvalidPostsId" classname="testcase.singleEndpoint.post.PostsTest" time="0.086"/>
  <testcase name="testResponseCodeWithInvalidPostsId" classname="testcase.singleEndpoint.post.PostsTest" time="0.464"/>
  <testcase name="testResponseStatusCode200AndContentTypeJSON" classname="testcase.singleEndpoint.post.PostsTest" time="0.078"/>
  <testcase name="testResponseBodyWithIdTitleAndBody" classname="testcase.singleEndpoint.post.PostsTest" time="0.152"/>
  <testcase name="testResponseBodyWithIdTitleAndBody" classname="testcase.singleEndpoint.post.PostsTest" time="0.107"/>
  <testcase name="fetchListOfPostsAndAssertSize" classname="testcase.singleEndpoint.post.PostsTest" time="0.126"/>
  <testcase name="testResponseCodeAndContentType" classname="testcase.singleEndpoint.user.UsersTest" time="0.071"/>
  <testcase name="testResponseCodeAndContentType" classname="testcase.singleEndpoint.user.UsersTest" time="0.13"/>
  <testcase name="testResponseCodeWithInvalidUsersId" classname="testcase.singleEndpoint.user.UsersTest" time="0.133"/>
  <testcase name="testResponseCodeWithInvalidUsersId" classname="testcase.singleEndpoint.user.UsersTest" time="0.094"/>
  <testcase name="testResponseStatusCode200AndContentTypeJSON" classname="testcase.singleEndpoint.user.UsersTest" time="0.093"/>
  <testcase name="testResponseBodyWithIdTitleAndBody" classname="testcase.singleEndpoint.user.UsersTest" time="0.104"/>
  <testcase name="testResponseBodyWithIdTitleAndBody" classname="testcase.singleEndpoint.user.UsersTest" time="0.084"/>
  <testcase name="fetchListOfUsersAndAssertSize" classname="testcase.singleEndpoint.user.UsersTest" time="0.092"/>
  <testcase name="validateEmailFormatInCommentsForPostsByUser" classname="testcase.multipleEndpoints.comments.CommentsOfPostsByUserTest" time="2.027"/>
  <testcase name="testTotalCountOfPostsByUserAndValidateResponseBody" classname="testcase.multipleEndpoints.posts.PostsByUserTest" time="0.203"/>
  <testcase name="testTotalCountOfPostsByUserAndValidateResponseBody" classname="testcase.multipleEndpoints.posts.PostsByUserTest" time="0.189"/>
  <testcase name="testTotalCountOfPostsByUserAndValidateResponseBody" classname="testcase.multipleEndpoints.posts.PostsByUserTest" time="0.168"/>
</testsuite>