<?xml version="1.0" encoding="UTF-8"?>
<!-- Generated by org.testng.reporters.JUnitReportReporter -->
<testsuite skipped="0" hostname="LAPTOP-2CA2UD9P" name="testcase.singleEndpoint.post.PostsTest" tests="8" failures="0" timestamp="30 Apr 2021 20:12:59 GMT" time="1.272" errors="0">
  <testcase name="testResponseStatusCode200AndContentTypeJSON" time="0.078" classname="testcase.singleEndpoint.post.PostsTest"/>
  <testcase name="testResponseBodyWithIdTitleAndBody" time="0.104" classname="testcase.singleEndpoint.post.PostsTest"/>
  <testcase name="testResponseCodeAndContentType" time="0.128" classname="testcase.singleEndpoint.post.PostsTest"/>
  <testcase name="testResponseBodyWithIdTitleAndBody" time="0.139" classname="testcase.singleEndpoint.post.PostsTest"/>
  <testcase name="testResponseCodeAndContentType" time="0.131" classname="testcase.singleEndpoint.post.PostsTest"/>
  <testcase name="testResponseCodeWithInvalidPostsId" time="0.464" classname="testcase.singleEndpoint.post.PostsTest"/>
  <testcase name="testResponseCodeWithInvalidPostsId" time="0.086" classname="testcase.singleEndpoint.post.PostsTest"/>
  <testcase name="fetchListOfPostsAndAssertSize" time="0.142" classname="testcase.singleEndpoint.post.PostsTest"/>
</testsuite> <!-- testcase.singleEndpoint.post.PostsTest -->
