<?xml version="1.0" encoding="UTF-8"?>
<!-- Generated by org.testng.reporters.JUnitReportReporter -->
<testsuite skipped="0" hostname="LAPTOP-2CA2UD9P" name="testcase.multipleEndpoints.posts.PostsByUserTest" tests="3" failures="0" timestamp="30 Apr 2021 20:12:59 GMT" time="0.579" errors="0">
  <testcase name="testTotalCountOfPostsByUserAndValidateResponseBody" time="0.212" classname="testcase.multipleEndpoints.posts.PostsByUserTest"/>
  <testcase name="testTotalCountOfPostsByUserAndValidateResponseBody" time="0.201" classname="testcase.multipleEndpoints.posts.PostsByUserTest"/>
  <testcase name="testTotalCountOfPostsByUserAndValidateResponseBody" time="0.166" classname="testcase.multipleEndpoints.posts.PostsByUserTest"/>
</testsuite> <!-- testcase.multipleEndpoints.posts.PostsByUserTest -->
