<?xml version="1.0" encoding="UTF-8"?>
<!-- Generated by org.testng.reporters.JUnitReportReporter -->
<testsuite skipped="0" hostname="LAPTOP-2CA2UD9P" name="testcase.singleEndpoint.comment.CommentsTest" tests="8" failures="0" timestamp="30 Apr 2021 20:12:59 GMT" time="3.029" errors="0">
  <testcase name="fetchListOfCommentsAndAssertSize" time="0.140" classname="testcase.singleEndpoint.comment.CommentsTest"/>
  <testcase name="testResponseCodeWithInvalidCommentsId" time="0.128" classname="testcase.singleEndpoint.comment.CommentsTest"/>
  <testcase name="testResponseCodeAndContentType" time="0.171" classname="testcase.singleEndpoint.comment.CommentsTest"/>
  <testcase name="testResponseStatusCode200AndContentTypeJSON" time="0.089" classname="testcase.singleEndpoint.comment.CommentsTest"/>
  <testcase name="testResponseBodyWithIdNameAndEmail" time="0.086" classname="testcase.singleEndpoint.comment.CommentsTest"/>
  <testcase name="testResponseBodyWithIdNameAndEmail" time="0.507" classname="testcase.singleEndpoint.comment.CommentsTest"/>
  <testcase name="testResponseCodeWithInvalidCommentsId" time="0.452" classname="testcase.singleEndpoint.comment.CommentsTest"/>
  <testcase name="testResponseCodeAndContentType" time="1.456" classname="testcase.singleEndpoint.comment.CommentsTest"/>
</testsuite> <!-- testcase.singleEndpoint.comment.CommentsTest -->
