<?xml version="1.0" encoding="UTF-8"?>
<!-- Generated by org.testng.reporters.JUnitReportReporter -->
<testsuite skipped="0" hostname="LAPTOP-2CA2UD9P" name="testcase.singleEndpoint.user.UsersTest" tests="8" failures="0" timestamp="30 Apr 2021 20:12:59 GMT" time="0.800" errors="0">
  <testcase name="testResponseCodeWithInvalidUsersId" time="0.095" classname="testcase.singleEndpoint.user.UsersTest"/>
  <testcase name="testResponseBodyWithIdTitleAndBody" time="0.089" classname="testcase.singleEndpoint.user.UsersTest"/>
  <testcase name="testResponseStatusCode200AndContentTypeJSON" time="0.092" classname="testcase.singleEndpoint.user.UsersTest"/>
  <testcase name="testResponseCodeAndContentType" time="0.130" classname="testcase.singleEndpoint.user.UsersTest"/>
  <testcase name="testResponseBodyWithIdTitleAndBody" time="0.081" classname="testcase.singleEndpoint.user.UsersTest"/>
  <testcase name="testResponseCodeAndContentType" time="0.070" classname="testcase.singleEndpoint.user.UsersTest"/>
  <testcase name="testResponseCodeWithInvalidUsersId" time="0.133" classname="testcase.singleEndpoint.user.UsersTest"/>
  <testcase name="fetchListOfUsersAndAssertSize" time="0.110" classname="testcase.singleEndpoint.user.UsersTest"/>
</testsuite> <!-- testcase.singleEndpoint.user.UsersTest -->
