<?xml version="1.0" encoding="UTF-8"?>
<!-- Generated by org.testng.reporters.JUnitReportReporter -->
<testsuite skipped="0" hostname="LAPTOP-2CA2UD9P" name="testcase.multipleEndpoints.comments.CommentsOfPostsByUserTest" tests="1" failures="0" timestamp="30 Apr 2021 20:12:59 GMT" time="2.002" errors="0">
  <testcase name="validateEmailFormatInCommentsForPostsByUser" time="2.002" classname="testcase.multipleEndpoints.comments.CommentsOfPostsByUserTest"/>
</testsuite> <!-- testcase.multipleEndpoints.comments.CommentsOfPostsByUserTest -->
